<?xml version="1.0" encoding="UTF-8"?>
<!-- Generated by org.testng.reporters.JUnitXMLReporter -->
<testsuite ignored="16" hostname="aurora" failures="1" tests="2" name="Smoke Tests" time="69.718" errors="0" timestamp="2026-07-16T13:14:11 IST">
  <testcase classname="com.cusp.qa.login.CuspLoginTest" name="testAppLaunchDisplaysScreen" time="4.101"/>
  <testcase classname="com.cusp.qa.login.CuspLoginTest" name="testLoginWithMobileAndOtp" time="51.297">
    <failure type="java.lang.AssertionError" message="Should have navigated away from OTP screen after successful login expected [false] but found [true]">
      <![CDATA[java.lang.AssertionError: Should have navigated away from OTP screen after successful login expected [false] but found [true]
at com.cusp.qa.login.CuspLoginTest.testLoginWithMobileAndOtp(CuspLoginTest.java:162)
at java.base/java.util.ArrayList.forEach(ArrayList.java:1596)
... Removed 32 stack frames]]>
    </failure>
  </testcase> <!-- testLoginWithMobileAndOtp -->
  <testcase classname="com.cusp.qa.base.BaseTest" name="@AfterSuite suiteTearDown" time="0.0">
    <ignored/>
  </testcase> <!-- @AfterSuite suiteTearDown -->
  <testcase classname="com.cusp.qa.base.BaseTest" name="@AfterSuite suiteTearDown" time="0.0">
    <ignored/>
  </testcase> <!-- @AfterSuite suiteTearDown -->
  <testcase classname="com.cusp.qa.home.HomeTest" name="testWealthTabNavigation" time="0.0">
    <ignored/>
  </testcase> <!-- testWealthTabNavigation -->
  <testcase classname="com.cusp.qa.onboarding.OnboardingTest" name="testOtpPageLoaded" time="0.0">
    <ignored/>
  </testcase> <!-- testOtpPageLoaded -->
  <testcase classname="com.cusp.qa.home.HomeTest" name="testSettingsTabNavigation" time="0.0">
    <ignored/>
  </testcase> <!-- testSettingsTabNavigation -->
  <testcase classname="com.cusp.qa.onboarding.OnboardingTest" name="testResendOtpVisible" time="0.0">
    <ignored/>
  </testcase> <!-- testResendOtpVisible -->
  <testcase classname="com.cusp.qa.base.BaseTest" name="@BeforeSuite suiteSetup" time="0.0">
    <ignored/>
  </testcase> <!-- @BeforeSuite suiteSetup -->
  <testcase classname="com.cusp.qa.base.BaseTest" name="@BeforeSuite suiteSetup" time="0.0">
    <ignored/>
  </testcase> <!-- @BeforeSuite suiteSetup -->
  <testcase classname="com.cusp.qa.home.HomeTest" name="testHomeScreenLoaded" time="0.0">
    <ignored/>
  </testcase> <!-- testHomeScreenLoaded -->
  <testcase classname="com.cusp.qa.home.HomeTest" name="testTransactionsTabNavigation" time="0.0">
    <ignored/>
  </testcase> <!-- testTransactionsTabNavigation -->
  <testcase classname="com.cusp.qa.home.HomeTest" name="testInvestmentsTabNavigation" time="0.0">
    <ignored/>
  </testcase> <!-- testInvestmentsTabNavigation -->
  <testcase classname="com.cusp.qa.onboarding.OnboardingTest" name="testSplashScreenDisplayed" time="0.0">
    <ignored/>
  </testcase> <!-- testSplashScreenDisplayed -->
  <testcase classname="com.cusp.qa.onboarding.OnboardingTest" name="testNavigateToLogin" time="0.0">
    <ignored/>
  </testcase> <!-- testNavigateToLogin -->
  <testcase classname="com.cusp.qa.onboarding.OnboardingTest" name="testSuccessfulLogin" time="0.0">
    <ignored/>
  </testcase> <!-- testSuccessfulLogin -->
  <testcase classname="com.cusp.qa.home.HomeTest" name="testNetWorthVisible" time="0.0">
    <ignored/>
  </testcase> <!-- testNetWorthVisible -->
  <testcase classname="com.cusp.qa.onboarding.OnboardingTest" name="testValidMobileEntry" time="0.0">
    <ignored/>
  </testcase> <!-- testValidMobileEntry -->
</testsuite> <!-- Smoke Tests -->
