<?xml version="1.0" encoding="UTF-8"?>
<!-- Generated by org.testng.reporters.JUnitXMLReporter -->
<testsuite ignored="16" hostname="aurora" failures="1" tests="2" name="Smoke Tests" time="103.795" errors="0" timestamp="2026-07-16T17:00:14 IST">
  <testcase classname="com.cusp.qa.login.CuspLoginTest" name="testAppLaunchDisplaysScreen" time="3.097"/>
  <testcase classname="com.cusp.qa.login.CuspLoginTest" name="testLoginWithMobileAndOtp" time="89.087">
    <failure type="org.openqa.selenium.TimeoutException" message="Expected condition failed: waiting for presence of element found by AppiumBy.androidUIAutomator: new UiSelector().text(&amp;quot;Home&amp;quot;)
(tried for 30 seconds with 500 milliseconds interval)
Build info: version: &amp;apos;4.46.0&amp;apos;, revision: &amp;apos;df5a634 df5a6341cbb5f8f06b836bd595752775627c80dc&amp;apos;
System info: os.name: &amp;apos;Linux&amp;apos;, os.arch: &amp;apos;amd64&amp;apos;, os.version: &amp;apos;6.17.0-35-generic&amp;apos;, java.version: &amp;apos;21.0.11&amp;apos;
Driver info: io.appium.java_client.android.AndroidDriver
Capabilities {appium:adbExecTimeout: 120000, appium:appActivity: com.cuspmoney.app.MainActivity, appium:appPackage: com.infocusp.cuspmoney, appium:autoGrantPermissions: true, appium:automationName: UIAutomator2, appium:databaseEnabled: false, appium:desired: {adbExecTimeout: 120000, appActivity: com.cuspmoney.app.MainActivity, appPackage: com.infocusp.cuspmoney, autoGrantPermissions: true, automationName: UIAutomator2, deviceName: RushabhDevice, fullReset: false, newCommandTimeout: 120, noReset: false, platformName: ANDROID, skipDeviceInitialization: true, udid: emulator-5554, uiautomator2ServerInstallTimeout: 120000, uiautomator2ServerLaunchTimeout: 120000}, appium:deviceApiLevel: 35, appium:deviceManufacturer: Google, appium:deviceModel: sdk_gphone64_x86_64, appium:deviceName: emulator-5554, appium:deviceScreenDensity: 420, appium:deviceScreenSize: 1080x2424, appium:deviceUDID: emulator-5554, appium:fullReset: false, appium:javascriptEnabled: true, appium:locationContextEnabled: false, appium:networkConnectionEnabled: true, appium:newCommandTimeout: 120, appium:noReset: false, appium:pixelRatio: 2.625, appium:platformVersion: 15, appium:skipDeviceInitialization: true, appium:statBarHeight: 137, appium:takesScreenshot: true, appium:udid: emulator-5554, appium:uiautomator2ServerInstallTimeout: 120000, appium:uiautomator2ServerLaunchTimeout: 120000, appium:viewportRect: {height: 2287, left: 0, top: 137, width: 1080}, appium:warnings: {}, appium:webStorageEnabled: false, platformName: ANDROID}
Session ID: eead4cdb-f2af-49dd-8b01-920d247400db">
      <![CDATA[org.openqa.selenium.TimeoutException: Expected condition failed: waiting for presence of element found by AppiumBy.androidUIAutomator: new UiSelector().text("Home")
(tried for 30 seconds with 500 milliseconds interval)
Build info: version: '4.46.0', revision: 'df5a634 df5a6341cbb5f8f06b836bd595752775627c80dc'
System info: os.name: 'Linux', os.arch: 'amd64', os.version: '6.17.0-35-generic', java.version: '21.0.11'
Driver info: io.appium.java_client.android.AndroidDriver
Capabilities {appium:adbExecTimeout: 120000, appium:appActivity: com.cuspmoney.app.MainActivity, appium:appPackage: com.infocusp.cuspmoney, appium:autoGrantPermissions: true, appium:automationName: UIAutomator2, appium:databaseEnabled: false, appium:desired: {adbExecTimeout: 120000, appActivity: com.cuspmoney.app.MainActivity, appPackage: com.infocusp.cuspmoney, autoGrantPermissions: true, automationName: UIAutomator2, deviceName: RushabhDevice, fullReset: false, newCommandTimeout: 120, noReset: false, platformName: ANDROID, skipDeviceInitialization: true, udid: emulator-5554, uiautomator2ServerInstallTimeout: 120000, uiautomator2ServerLaunchTimeout: 120000}, appium:deviceApiLevel: 35, appium:deviceManufacturer: Google, appium:deviceModel: sdk_gphone64_x86_64, appium:deviceName: emulator-5554, appium:deviceScreenDensity: 420, appium:deviceScreenSize: 1080x2424, appium:deviceUDID: emulator-5554, appium:fullReset: false, appium:javascriptEnabled: true, appium:locationContextEnabled: false, appium:networkConnectionEnabled: true, appium:newCommandTimeout: 120, appium:noReset: false, appium:pixelRatio: 2.625, appium:platformVersion: 15, appium:skipDeviceInitialization: true, appium:statBarHeight: 137, appium:takesScreenshot: true, appium:udid: emulator-5554, appium:uiautomator2ServerInstallTimeout: 120000, appium:uiautomator2ServerLaunchTimeout: 120000, appium:viewportRect: {height: 2287, left: 0, top: 137, width: 1080}, appium:warnings: {}, appium:webStorageEnabled: false, platformName: ANDROID}
Session ID: eead4cdb-f2af-49dd-8b01-920d247400db
at org.openqa.selenium.support.ui.WebDriverWait.timeoutException(WebDriverWait.java:85)
at org.openqa.selenium.support.ui.FluentWait.until(FluentWait.java:234)
at com.cusp.qa.login.CuspLoginTest.testLoginWithMobileAndOtp(CuspLoginTest.java:158)
at java.base/java.util.ArrayList.forEach(ArrayList.java:1596)
... Removed 29 stack frames]]>
    </failure>
  </testcase> <!-- testLoginWithMobileAndOtp -->
  <testcase classname="com.cusp.qa.base.BaseTest" name="@AfterSuite suiteTearDown" time="0.0">
    <ignored/>
  </testcase> <!-- @AfterSuite suiteTearDown -->
  <testcase classname="com.cusp.qa.base.BaseTest" name="@AfterSuite suiteTearDown" time="0.0">
    <ignored/>
  </testcase> <!-- @AfterSuite suiteTearDown -->
  <testcase classname="com.cusp.qa.home.HomeTest" name="testWealthTabNavigation" time="0.0">
    <ignored/>
  </testcase> <!-- testWealthTabNavigation -->
  <testcase classname="com.cusp.qa.onboarding.OnboardingTest" name="testOtpPageLoaded" time="0.0">
    <ignored/>
  </testcase> <!-- testOtpPageLoaded -->
  <testcase classname="com.cusp.qa.home.HomeTest" name="testSettingsTabNavigation" time="0.0">
    <ignored/>
  </testcase> <!-- testSettingsTabNavigation -->
  <testcase classname="com.cusp.qa.onboarding.OnboardingTest" name="testResendOtpVisible" time="0.0">
    <ignored/>
  </testcase> <!-- testResendOtpVisible -->
  <testcase classname="com.cusp.qa.base.BaseTest" name="@BeforeSuite suiteSetup" time="0.0">
    <ignored/>
  </testcase> <!-- @BeforeSuite suiteSetup -->
  <testcase classname="com.cusp.qa.base.BaseTest" name="@BeforeSuite suiteSetup" time="0.0">
    <ignored/>
  </testcase> <!-- @BeforeSuite suiteSetup -->
  <testcase classname="com.cusp.qa.home.HomeTest" name="testHomeScreenLoaded" time="0.0">
    <ignored/>
  </testcase> <!-- testHomeScreenLoaded -->
  <testcase classname="com.cusp.qa.home.HomeTest" name="testTransactionsTabNavigation" time="0.0">
    <ignored/>
  </testcase> <!-- testTransactionsTabNavigation -->
  <testcase classname="com.cusp.qa.home.HomeTest" name="testInvestmentsTabNavigation" time="0.0">
    <ignored/>
  </testcase> <!-- testInvestmentsTabNavigation -->
  <testcase classname="com.cusp.qa.onboarding.OnboardingTest" name="testSplashScreenDisplayed" time="0.0">
    <ignored/>
  </testcase> <!-- testSplashScreenDisplayed -->
  <testcase classname="com.cusp.qa.onboarding.OnboardingTest" name="testNavigateToLogin" time="0.0">
    <ignored/>
  </testcase> <!-- testNavigateToLogin -->
  <testcase classname="com.cusp.qa.onboarding.OnboardingTest" name="testSuccessfulLogin" time="0.0">
    <ignored/>
  </testcase> <!-- testSuccessfulLogin -->
  <testcase classname="com.cusp.qa.home.HomeTest" name="testNetWorthVisible" time="0.0">
    <ignored/>
  </testcase> <!-- testNetWorthVisible -->
  <testcase classname="com.cusp.qa.onboarding.OnboardingTest" name="testValidMobileEntry" time="0.0">
    <ignored/>
  </testcase> <!-- testValidMobileEntry -->
</testsuite> <!-- Smoke Tests -->
