<?xml version="1.0" encoding="UTF-8"?>
<testsuite xmlns:xsi="http://www.w3.org/2001/XMLSchema-instance" xsi:noNamespaceSchemaLocation="https://maven.apache.org/surefire/maven-surefire-plugin/xsd/surefire-test-report.xsd" version="3.0.2" name="TestSuite" time="105.261" tests="2" errors="0" skipped="0" failures="1">
  <properties>
[...]
</properties>
  <testcase name="testAppLaunchDisplaysScreen" classname="com.cusp.qa.login.CuspLoginTest" time="3.107">
    <system-out><![CDATA[2026-07-16 16:58:30 [INFO] com.cusp.qa.login.CuspLoginTest: === Test Suite Started ===
2026-07-16 16:58:30 [INFO] com.cusp.qa.login.CuspLoginTest: Starting test: testAppLaunchDisplaysScreen
2026-07-16 16:58:30 [INFO] com.cusp.qa.config.ConfigLoader: Configuration loaded successfully
2026-07-16 16:58:31 [INFO] com.cusp.qa.driver.DriverManager: Device screen unlocked
2026-07-16 16:58:31 [INFO] com.cusp.qa.driver.DriverManager: Starting AndroidDriver at http://127.0.0.1:4723
2026-07-16 16:58:35 [INFO] com.cusp.qa.driver.DriverManager: Driver initialised successfully. Session ID: 819cd348-312a-4142-b8d3-6189ad0694b3
2026-07-16 16:58:38 [INFO] com.cusp.qa.login.CuspLoginTest: TC01 PASS — App launched. Screen text: Keep it simple.
]]></system-out>
  </testcase>
  <testcase name="testLoginWithMobileAndOtp" classname="com.cusp.qa.login.CuspLoginTest" time="89.098">
    <failure message="Expected condition failed: waiting for presence of element found by AppiumBy.androidUIAutomator: new UiSelector().text(&quot;Home&quot;)&#10;(tried for 30 seconds with 500 milliseconds interval)&#10;Build info: version: &apos;4.46.0&apos;, revision: &apos;df5a634 df5a6341cbb5f8f06b836bd595752775627c80dc&apos;&#10;System info: os.name: &apos;Linux&apos;, os.arch: &apos;amd64&apos;, os.version: &apos;6.17.0-35-generic&apos;, java.version: &apos;21.0.11&apos;&#10;Driver info: io.appium.java_client.android.AndroidDriver&#10;Capabilities {appium:adbExecTimeout: 120000, appium:appActivity: com.cuspmoney.app.MainActivity, appium:appPackage: com.infocusp.cuspmoney, appium:autoGrantPermissions: true, appium:automationName: UIAutomator2, appium:databaseEnabled: false, appium:desired: {adbExecTimeout: 120000, appActivity: com.cuspmoney.app.MainActivity, appPackage: com.infocusp.cuspmoney, autoGrantPermissions: true, automationName: UIAutomator2, deviceName: RushabhDevice, fullReset: false, newCommandTimeout: 120, noReset: false, platformName: ANDROID, skipDeviceInitialization: true, udid: emulator-5554, uiautomator2ServerInstallTimeout: 120000, uiautomator2ServerLaunchTimeout: 120000}, appium:deviceApiLevel: 35, appium:deviceManufacturer: Google, appium:deviceModel: sdk_gphone64_x86_64, appium:deviceName: emulator-5554, appium:deviceScreenDensity: 420, appium:deviceScreenSize: 1080x2424, appium:deviceUDID: emulator-5554, appium:fullReset: false, appium:javascriptEnabled: true, appium:locationContextEnabled: false, appium:networkConnectionEnabled: true, appium:newCommandTimeout: 120, appium:noReset: false, appium:pixelRatio: 2.625, appium:platformVersion: 15, appium:skipDeviceInitialization: true, appium:statBarHeight: 137, appium:takesScreenshot: true, appium:udid: emulator-5554, appium:uiautomator2ServerInstallTimeout: 120000, appium:uiautomator2ServerLaunchTimeout: 120000, appium:viewportRect: {height: 2287, left: 0, top: 137, width: 1080}, appium:warnings: {}, appium:webStorageEnabled: false, platformName: ANDROID}&#10;Session ID: eead4cdb-f2af-49dd-8b01-920d247400db" type="org.openqa.selenium.TimeoutException"><![CDATA[org.openqa.selenium.TimeoutException: 
Expected condition failed: waiting for presence of element found by AppiumBy.androidUIAutomator: new UiSelector().text("Home")
(tried for 30 seconds with 500 milliseconds interval)
Build info: version: '4.46.0', revision: 'df5a634 df5a6341cbb5f8f06b836bd595752775627c80dc'
System info: os.name: 'Linux', os.arch: 'amd64', os.version: '6.17.0-35-generic', java.version: '21.0.11'
Driver info: io.appium.java_client.android.AndroidDriver
Capabilities {appium:adbExecTimeout: 120000, appium:appActivity: com.cuspmoney.app.MainActivity, appium:appPackage: com.infocusp.cuspmoney, appium:autoGrantPermissions: true, appium:automationName: UIAutomator2, appium:databaseEnabled: false, appium:desired: {adbExecTimeout: 120000, appActivity: com.cuspmoney.app.MainActivity, appPackage: com.infocusp.cuspmoney, autoGrantPermissions: true, automationName: UIAutomator2, deviceName: RushabhDevice, fullReset: false, newCommandTimeout: 120, noReset: false, platformName: ANDROID, skipDeviceInitialization: true, udid: emulator-5554, uiautomator2ServerInstallTimeout: 120000, uiautomator2ServerLaunchTimeout: 120000}, appium:deviceApiLevel: 35, appium:deviceManufacturer: Google, appium:deviceModel: sdk_gphone64_x86_64, appium:deviceName: emulator-5554, appium:deviceScreenDensity: 420, appium:deviceScreenSize: 1080x2424, appium:deviceUDID: emulator-5554, appium:fullReset: false, appium:javascriptEnabled: true, appium:locationContextEnabled: false, appium:networkConnectionEnabled: true, appium:newCommandTimeout: 120, appium:noReset: false, appium:pixelRatio: 2.625, appium:platformVersion: 15, appium:skipDeviceInitialization: true, appium:statBarHeight: 137, appium:takesScreenshot: true, appium:udid: emulator-5554, appium:uiautomator2ServerInstallTimeout: 120000, appium:uiautomator2ServerLaunchTimeout: 120000, appium:viewportRect: {height: 2287, left: 0, top: 137, width: 1080}, appium:warnings: {}, appium:webStorageEnabled: false, platformName: ANDROID}
Session ID: eead4cdb-f2af-49dd-8b01-920d247400db
	at org.openqa.selenium.support.ui.WebDriverWait.timeoutException(WebDriverWait.java:85)
	at org.openqa.selenium.support.ui.FluentWait.until(FluentWait.java:234)
	at com.cusp.qa.login.CuspLoginTest.testLoginWithMobileAndOtp(CuspLoginTest.java:158)
	at java.base/jdk.internal.reflect.DirectMethodHandleAccessor.invoke(DirectMethodHandleAccessor.java:103)
	at java.base/java.lang.reflect.Method.invoke(Method.java:580)
	at org.testng.internal.invokers.MethodInvocationHelper.invokeMethod(MethodInvocationHelper.java:141)
	at org.testng.internal.invokers.TestInvoker.invokeMethod(TestInvoker.java:686)
	at org.testng.internal.invokers.TestInvoker.invokeTestMethod(TestInvoker.java:230)
	at org.testng.internal.invokers.MethodRunner.runInSequence(MethodRunner.java:63)
	at org.testng.internal.invokers.TestInvoker$MethodInvocationAgent.invoke(TestInvoker.java:992)
	at org.testng.internal.invokers.TestInvoker.invokeTestMethods(TestInvoker.java:203)
	at org.testng.internal.invokers.TestMethodWorker.invokeTestMethods(TestMethodWorker.java:154)
	at org.testng.internal.invokers.TestMethodWorker.run(TestMethodWorker.java:134)
	at java.base/java.util.ArrayList.forEach(ArrayList.java:1596)
	at org.testng.TestRunner.privateRun(TestRunner.java:739)
	at org.testng.TestRunner.run(TestRunner.java:614)
	at org.testng.SuiteRunner.runTest(SuiteRunner.java:421)
	at org.testng.SuiteRunner.runSequentially(SuiteRunner.java:413)
	at org.testng.SuiteRunner.privateRun(SuiteRunner.java:373)
	at org.testng.SuiteRunner.run(SuiteRunner.java:312)
	at org.testng.SuiteRunnerWorker.runSuite(SuiteRunnerWorker.java:52)
	at org.testng.SuiteRunnerWorker.run(SuiteRunnerWorker.java:95)
	at org.testng.TestNG.runSuitesSequentially(TestNG.java:1274)
	at org.testng.TestNG.runSuitesLocally(TestNG.java:1208)
	at org.testng.TestNG.runSuites(TestNG.java:1112)
	at org.testng.TestNG.run(TestNG.java:1079)
	at org.apache.maven.surefire.testng.TestNGExecutor.run(TestNGExecutor.java:308)
	at org.apache.maven.surefire.testng.TestNGXmlTestSuite.execute(TestNGXmlTestSuite.java:71)
	at org.apache.maven.surefire.testng.TestNGProvider.invoke(TestNGProvider.java:113)
	at org.apache.maven.surefire.booter.ForkedBooter.runSuitesInProcess(ForkedBooter.java:385)
	at org.apache.maven.surefire.booter.ForkedBooter.execute(ForkedBooter.java:162)
	at org.apache.maven.surefire.booter.ForkedBooter.run(ForkedBooter.java:507)
	at org.apache.maven.surefire.booter.ForkedBooter.main(ForkedBooter.java:495)
]]></failure>
    <system-out><![CDATA[2026-07-16 16:58:38 [INFO] com.cusp.qa.login.CuspLoginTest: Test PASSED: testAppLaunchDisplaysScreen
2026-07-16 16:58:39 [INFO] com.cusp.qa.driver.DriverManager: Driver closed
2026-07-16 16:58:39 [INFO] com.cusp.qa.login.CuspLoginTest: Starting test: testLoginWithMobileAndOtp
2026-07-16 16:58:39 [INFO] com.cusp.qa.driver.DriverManager: Device screen unlocked
2026-07-16 16:58:39 [INFO] com.cusp.qa.driver.DriverManager: Starting AndroidDriver at http://127.0.0.1:4723
2026-07-16 16:58:43 [INFO] com.cusp.qa.driver.DriverManager: Driver initialised successfully. Session ID: eead4cdb-f2af-49dd-8b01-920d247400db
2026-07-16 16:58:43 [INFO] com.cusp.qa.login.CuspLoginTest: Step 1: Waiting for onboarding carousel to reach Get started
2026-07-16 16:59:11 [INFO] com.cusp.qa.login.CuspLoginTest: Tapped Continue at y=2111
2026-07-16 16:59:12 [INFO] com.cusp.qa.login.CuspLoginTest: Get started visible after 5 loop iterations
2026-07-16 16:59:12 [INFO] com.cusp.qa.login.CuspLoginTest: Step 2: Tapping Get started
2026-07-16 16:59:14 [INFO] com.cusp.qa.login.CuspLoginTest: Step 3: Dismissing Google sign-in picker if present
2026-07-16 16:59:19 [INFO] com.cusp.qa.login.CuspLoginTest: Dismissed sign-in Google picker
2026-07-16 16:59:20 [INFO] com.cusp.qa.login.CuspLoginTest: Step 4: Entering mobile number 6351738122
2026-07-16 16:59:28 [INFO] com.cusp.qa.login.CuspLoginTest: Mobile number entered via ADB — app will auto-submit on 10 digits
2026-07-16 16:59:28 [INFO] com.cusp.qa.login.CuspLoginTest: Step 5: Waiting for OTP screen
2026-07-16 16:59:28 [INFO] com.cusp.qa.login.CuspLoginTest: OTP screen loaded
2026-07-16 16:59:29 [INFO] com.cusp.qa.login.CuspLoginTest: Step 6: Entering OTP 123456 digit by digit via keyevents
2026-07-16 16:59:33 [INFO] com.cusp.qa.login.CuspLoginTest: OTP digits sent — app auto-navigates when all boxes turn green
2026-07-16 16:59:36 [INFO] com.cusp.qa.login.CuspLoginTest: Step 7: Handling notification permission dialog if present
2026-07-16 16:59:41 [INFO] com.cusp.qa.login.CuspLoginTest: Step 8: Verifying home screen loaded
]]></system-out>
  </testcase>
</testsuite>