<?xml version="1.0" encoding="UTF-8"?>
<testsuite xmlns:xsi="http://www.w3.org/2001/XMLSchema-instance" xsi:noNamespaceSchemaLocation="https://maven.apache.org/surefire/maven-surefire-plugin/xsd/surefire-test-report.xsd" version="3.0.2" name="TestSuite" time="71.418" tests="2" errors="0" skipped="0" failures="1">
  <properties>
[...]
</properties>
  <testcase name="testAppLaunchDisplaysScreen" classname="com.cusp.qa.login.CuspLoginTest" time="4.13">
    <system-out><![CDATA[2026-07-16 13:13:01 [INFO] com.cusp.qa.login.CuspLoginTest: === Test Suite Started ===
2026-07-16 13:13:01 [INFO] com.cusp.qa.login.CuspLoginTest: Starting test: testAppLaunchDisplaysScreen
2026-07-16 13:13:02 [INFO] com.cusp.qa.config.ConfigLoader: Configuration loaded successfully
2026-07-16 13:13:02 [INFO] com.cusp.qa.driver.DriverManager: Device screen unlocked
2026-07-16 13:13:02 [INFO] com.cusp.qa.driver.DriverManager: Starting AndroidDriver at http://127.0.0.1:4723
2026-07-16 13:13:06 [INFO] com.cusp.qa.driver.DriverManager: Driver initialised successfully. Session ID: a9e4ad73-a488-4bf5-b3a3-0354321e83c3
2026-07-16 13:13:10 [INFO] com.cusp.qa.login.CuspLoginTest: TC01 PASS — App launched. Screen text: Keep it simple.
]]></system-out>
  </testcase>
  <testcase name="testLoginWithMobileAndOtp" classname="com.cusp.qa.login.CuspLoginTest" time="51.316">
    <failure message="Should have navigated away from OTP screen after successful login expected [false] but found [true]" type="java.lang.AssertionError"><![CDATA[java.lang.AssertionError: Should have navigated away from OTP screen after successful login expected [false] but found [true]
	at org.testng.Assert.fail(Assert.java:111)
	at org.testng.Assert.failNotEquals(Assert.java:1578)
	at org.testng.Assert.assertFalse(Assert.java:79)
	at com.cusp.qa.login.CuspLoginTest.testLoginWithMobileAndOtp(CuspLoginTest.java:162)
	at java.base/jdk.internal.reflect.DirectMethodHandleAccessor.invoke(DirectMethodHandleAccessor.java:103)
	at java.base/java.lang.reflect.Method.invoke(Method.java:580)
	at org.testng.internal.invokers.MethodInvocationHelper.invokeMethod(MethodInvocationHelper.java:141)
	at org.testng.internal.invokers.TestInvoker.invokeMethod(TestInvoker.java:686)
	at org.testng.internal.invokers.TestInvoker.invokeTestMethod(TestInvoker.java:230)
	at org.testng.internal.invokers.MethodRunner.runInSequence(MethodRunner.java:63)
	at org.testng.internal.invokers.TestInvoker$MethodInvocationAgent.invoke(TestInvoker.java:992)
	at org.testng.internal.invokers.TestInvoker.invokeTestMethods(TestInvoker.java:203)
	at org.testng.internal.invokers.TestMethodWorker.invokeTestMethods(TestMethodWorker.java:154)
	at org.testng.internal.invokers.TestMethodWorker.run(TestMethodWorker.java:134)
	at java.base/java.util.ArrayList.forEach(ArrayList.java:1596)
	at org.testng.TestRunner.privateRun(TestRunner.java:739)
	at org.testng.TestRunner.run(TestRunner.java:614)
	at org.testng.SuiteRunner.runTest(SuiteRunner.java:421)
	at org.testng.SuiteRunner.runSequentially(SuiteRunner.java:413)
	at org.testng.SuiteRunner.privateRun(SuiteRunner.java:373)
	at org.testng.SuiteRunner.run(SuiteRunner.java:312)
	at org.testng.SuiteRunnerWorker.runSuite(SuiteRunnerWorker.java:52)
	at org.testng.SuiteRunnerWorker.run(SuiteRunnerWorker.java:95)
	at org.testng.TestNG.runSuitesSequentially(TestNG.java:1274)
	at org.testng.TestNG.runSuitesLocally(TestNG.java:1208)
	at org.testng.TestNG.runSuites(TestNG.java:1112)
	at org.testng.TestNG.run(TestNG.java:1079)
	at org.apache.maven.surefire.testng.TestNGExecutor.run(TestNGExecutor.java:308)
	at org.apache.maven.surefire.testng.TestNGXmlTestSuite.execute(TestNGXmlTestSuite.java:71)
	at org.apache.maven.surefire.testng.TestNGProvider.invoke(TestNGProvider.java:113)
	at org.apache.maven.surefire.booter.ForkedBooter.runSuitesInProcess(ForkedBooter.java:385)
	at org.apache.maven.surefire.booter.ForkedBooter.execute(ForkedBooter.java:162)
	at org.apache.maven.surefire.booter.ForkedBooter.run(ForkedBooter.java:507)
	at org.apache.maven.surefire.booter.ForkedBooter.main(ForkedBooter.java:495)
]]></failure>
    <system-out><![CDATA[2026-07-16 13:13:10 [INFO] com.cusp.qa.login.CuspLoginTest: Test PASSED: testAppLaunchDisplaysScreen
2026-07-16 13:13:11 [INFO] com.cusp.qa.driver.DriverManager: Driver closed
2026-07-16 13:13:12 [INFO] com.cusp.qa.login.CuspLoginTest: Starting test: testLoginWithMobileAndOtp
2026-07-16 13:13:12 [INFO] com.cusp.qa.driver.DriverManager: Device screen unlocked
2026-07-16 13:13:12 [INFO] com.cusp.qa.driver.DriverManager: Starting AndroidDriver at http://127.0.0.1:4723
2026-07-16 13:13:17 [INFO] com.cusp.qa.driver.DriverManager: Driver initialised successfully. Session ID: 0425c2d7-87ff-45bc-aa17-5ba4b010cfd5
2026-07-16 13:13:17 [INFO] com.cusp.qa.login.CuspLoginTest: Step 1: Tapping through onboarding carousel
2026-07-16 13:13:45 [INFO] com.cusp.qa.login.CuspLoginTest: Tapped Continue at (540,2111)
2026-07-16 13:13:46 [INFO] com.cusp.qa.login.CuspLoginTest: Get started visible after 5 carousel taps
2026-07-16 13:13:46 [INFO] com.cusp.qa.login.CuspLoginTest: Step 2: Tapping Get started
2026-07-16 13:13:49 [INFO] com.cusp.qa.login.CuspLoginTest: Step 3: Dismissing Google phone picker if present
2026-07-16 13:13:51 [INFO] com.cusp.qa.login.CuspLoginTest: Dismissed Google phone picker
2026-07-16 13:13:52 [INFO] com.cusp.qa.login.CuspLoginTest: Step 4: Entering mobile number 6351738122
2026-07-16 13:13:57 [INFO] com.cusp.qa.login.CuspLoginTest: Entered mobile number via ADB
2026-07-16 13:13:58 [INFO] com.cusp.qa.login.CuspLoginTest: Step 5: Waiting for OTP screen
2026-07-16 13:13:58 [INFO] com.cusp.qa.login.CuspLoginTest: OTP screen loaded
2026-07-16 13:13:59 [INFO] com.cusp.qa.login.CuspLoginTest: Step 6: Entering OTP 123456 via ADB
2026-07-16 13:14:00 [INFO] com.cusp.qa.login.CuspLoginTest: OTP entered via ADB
2026-07-16 13:14:02 [INFO] com.cusp.qa.login.CuspLoginTest: Step 8: Tapping Verify button
2026-07-16 13:14:07 [INFO] com.cusp.qa.login.CuspLoginTest: Step 9: Verifying login succeeded
]]></system-out>
  </testcase>
</testsuite>