<?xml version="1.0" encoding="UTF-8"?>
<testng-results ignored="0" total="2" passed="1" failed="1" skipped="0">
  <reporter-output>
  </reporter-output>
  <suite started-at="2026-07-16T13:13:01 IST" name="Cusp Smoke Suite" finished-at="2026-07-16T13:14:11 IST" duration-ms="69718">
    <groups>
      <group name="smoke">
        <method signature="CuspLoginTest.testAppLaunchDisplaysScreen()[pri:0, instance:com.cusp.qa.login.CuspLoginTest@34a1d21f]" name="testAppLaunchDisplaysScreen" class="com.cusp.qa.login.CuspLoginTest"/>
        <method signature="CuspLoginTest.testLoginWithMobileAndOtp()[pri:0, instance:com.cusp.qa.login.CuspLoginTest@34a1d21f]" name="testLoginWithMobileAndOtp" class="com.cusp.qa.login.CuspLoginTest"/>
      </group> <!-- smoke -->
    </groups>
    <test started-at="2026-07-16T13:13:01 IST" name="Smoke Tests" finished-at="2026-07-16T13:14:11 IST" duration-ms="69718">
      <class name="com.cusp.qa.login.CuspLoginTest">
        <test-method is-config="true" signature="suiteSetup()[pri:0, instance:com.cusp.qa.login.CuspLoginTest@34a1d21f]" started-at="2026-07-16T13:13:01 IST" name="suiteSetup" finished-at="2026-07-16T13:13:01 IST" duration-ms="151" status="PASS">
          <reporter-output>
          </reporter-output>
        </test-method> <!-- suiteSetup -->
        <test-method is-config="true" signature="setUp(java.lang.reflect.Method)[pri:0, instance:com.cusp.qa.login.CuspLoginTest@34a1d21f]" started-at="2026-07-16T13:13:01 IST" name="setUp" finished-at="2026-07-16T13:13:06 IST" duration-ms="4768" status="PASS">
          <params>
            <param index="0">
              <value>
                <![CDATA[public void com.cusp.qa.login.CuspLoginTest.testAppLaunchDisplaysScreen() throws java.lang.Exception]]>
              </value>
            </param>
          </params>
          <reporter-output>
          </reporter-output>
        </test-method> <!-- setUp -->
        <test-method signature="testAppLaunchDisplaysScreen()[pri:0, instance:com.cusp.qa.login.CuspLoginTest@34a1d21f]" started-at="2026-07-16T13:13:06 IST" name="testAppLaunchDisplaysScreen" description="TC01 - App launches and opening screen is displayed" finished-at="2026-07-16T13:13:10 IST" duration-ms="4101" status="PASS">
          <reporter-output>
          </reporter-output>
        </test-method> <!-- testAppLaunchDisplaysScreen -->
        <test-method is-config="true" signature="tearDown(org.testng.ITestResult)[pri:0, instance:com.cusp.qa.login.CuspLoginTest@34a1d21f]" started-at="2026-07-16T13:13:10 IST" name="tearDown" finished-at="2026-07-16T13:13:11 IST" duration-ms="1059" status="PASS">
          <params>
            <param index="0">
              <value>
                <![CDATA[[TestResult name=testAppLaunchDisplaysScreen status=SUCCESS method=CuspLoginTest.testAppLaunchDisplaysScreen()[pri:0, instance:com.cusp.qa.login.CuspLoginTest@34a1d21f] output={null}]]]>
              </value>
            </param>
          </params>
          <reporter-output>
          </reporter-output>
        </test-method> <!-- tearDown -->
        <test-method is-config="true" signature="setUp(java.lang.reflect.Method)[pri:0, instance:com.cusp.qa.login.CuspLoginTest@34a1d21f]" started-at="2026-07-16T13:13:11 IST" name="setUp" finished-at="2026-07-16T13:13:17 IST" duration-ms="5446" status="PASS">
          <params>
            <param index="0">
              <value>
                <![CDATA[public void com.cusp.qa.login.CuspLoginTest.testLoginWithMobileAndOtp() throws java.lang.Exception]]>
              </value>
            </param>
          </params>
          <reporter-output>
          </reporter-output>
        </test-method> <!-- setUp -->
        <test-method signature="testLoginWithMobileAndOtp()[pri:0, instance:com.cusp.qa.login.CuspLoginTest@34a1d21f]" started-at="2026-07-16T13:13:17 IST" name="testLoginWithMobileAndOtp" description="TC02 - Login with mobile 6351738122 and OTP 123456" finished-at="2026-07-16T13:14:08 IST" depends-on-methods="com.cusp.qa.login.CuspLoginTest.testAppLaunchDisplaysScreen" duration-ms="51297" status="FAIL">
          <exception class="java.lang.AssertionError">
            <message>
              <![CDATA[Should have navigated away from OTP screen after successful login expected [false] but found [true]]]>
            </message>
            <full-stacktrace>
              <![CDATA[java.lang.AssertionError: Should have navigated away from OTP screen after successful login expected [false] but found [true]
at org.testng.Assert.fail(Assert.java:111)
at org.testng.Assert.failNotEquals(Assert.java:1578)
at org.testng.Assert.assertFalse(Assert.java:79)
at com.cusp.qa.login.CuspLoginTest.testLoginWithMobileAndOtp(CuspLoginTest.java:162)
at java.base/jdk.internal.reflect.DirectMethodHandleAccessor.invoke(DirectMethodHandleAccessor.java:103)
at java.base/java.lang.reflect.Method.invoke(Method.java:580)
at org.testng.internal.invokers.MethodInvocationHelper.invokeMethod(MethodInvocationHelper.java:141)
at org.testng.internal.invokers.TestInvoker.invokeMethod(TestInvoker.java:686)
at org.testng.internal.invokers.TestInvoker.invokeTestMethod(TestInvoker.java:230)
at org.testng.internal.invokers.MethodRunner.runInSequence(MethodRunner.java:63)
at org.testng.internal.invokers.TestInvoker$MethodInvocationAgent.invoke(TestInvoker.java:992)
at org.testng.internal.invokers.TestInvoker.invokeTestMethods(TestInvoker.java:203)
at org.testng.internal.invokers.TestMethodWorker.invokeTestMethods(TestMethodWorker.java:154)
at org.testng.internal.invokers.TestMethodWorker.run(TestMethodWorker.java:134)
at java.base/java.util.ArrayList.forEach(ArrayList.java:1596)
at org.testng.TestRunner.privateRun(TestRunner.java:739)
at org.testng.TestRunner.run(TestRunner.java:614)
at org.testng.SuiteRunner.runTest(SuiteRunner.java:421)
at org.testng.SuiteRunner.runSequentially(SuiteRunner.java:413)
at org.testng.SuiteRunner.privateRun(SuiteRunner.java:373)
at org.testng.SuiteRunner.run(SuiteRunner.java:312)
at org.testng.SuiteRunnerWorker.runSuite(SuiteRunnerWorker.java:52)
at org.testng.SuiteRunnerWorker.run(SuiteRunnerWorker.java:95)
at org.testng.TestNG.runSuitesSequentially(TestNG.java:1274)
at org.testng.TestNG.runSuitesLocally(TestNG.java:1208)
at org.testng.TestNG.runSuites(TestNG.java:1112)
at org.testng.TestNG.run(TestNG.java:1079)
at org.apache.maven.surefire.testng.TestNGExecutor.run(TestNGExecutor.java:308)
at org.apache.maven.surefire.testng.TestNGXmlTestSuite.execute(TestNGXmlTestSuite.java:71)
at org.apache.maven.surefire.testng.TestNGProvider.invoke(TestNGProvider.java:113)
at org.apache.maven.surefire.booter.ForkedBooter.runSuitesInProcess(ForkedBooter.java:385)
at org.apache.maven.surefire.booter.ForkedBooter.execute(ForkedBooter.java:162)
at org.apache.maven.surefire.booter.ForkedBooter.run(ForkedBooter.java:507)
at org.apache.maven.surefire.booter.ForkedBooter.main(ForkedBooter.java:495)
]]>
            </full-stacktrace>
          </exception> <!-- java.lang.AssertionError -->
          <reporter-output>
          </reporter-output>
        </test-method> <!-- testLoginWithMobileAndOtp -->
        <test-method is-config="true" signature="tearDown(org.testng.ITestResult)[pri:0, instance:com.cusp.qa.login.CuspLoginTest@34a1d21f]" started-at="2026-07-16T13:14:08 IST" name="tearDown" finished-at="2026-07-16T13:14:11 IST" duration-ms="2874" status="PASS">
          <params>
            <param index="0">
              <value>
                <![CDATA[[TestResult name=testLoginWithMobileAndOtp status=FAILURE method=CuspLoginTest.testLoginWithMobileAndOtp()[pri:0, instance:com.cusp.qa.login.CuspLoginTest@34a1d21f] output={null}]]]>
              </value>
            </param>
          </params>
          <reporter-output>
          </reporter-output>
        </test-method> <!-- tearDown -->
        <test-method is-config="true" signature="suiteTearDown()[pri:0, instance:com.cusp.qa.login.CuspLoginTest@34a1d21f]" started-at="2026-07-16T13:14:11 IST" name="suiteTearDown" finished-at="2026-07-16T13:14:12 IST" duration-ms="512" status="PASS">
          <reporter-output>
          </reporter-output>
        </test-method> <!-- suiteTearDown -->
      </class> <!-- com.cusp.qa.login.CuspLoginTest -->
    </test> <!-- Smoke Tests -->
  </suite> <!-- Cusp Smoke Suite -->
</testng-results>
