<?xml version="1.0" encoding="UTF-8"?>
<testng-results ignored="0" total="2" passed="1" failed="1" skipped="0">
  <reporter-output>
  </reporter-output>
  <suite started-at="2026-07-16T16:58:30 IST" name="Cusp Smoke Suite" finished-at="2026-07-16T17:00:14 IST" duration-ms="103795">
    <groups>
      <group name="smoke">
        <method signature="CuspLoginTest.testAppLaunchDisplaysScreen()[pri:0, instance:com.cusp.qa.login.CuspLoginTest@34a1d21f]" name="testAppLaunchDisplaysScreen" class="com.cusp.qa.login.CuspLoginTest"/>
        <method signature="CuspLoginTest.testLoginWithMobileAndOtp()[pri:0, instance:com.cusp.qa.login.CuspLoginTest@34a1d21f]" name="testLoginWithMobileAndOtp" class="com.cusp.qa.login.CuspLoginTest"/>
      </group> <!-- smoke -->
    </groups>
    <test started-at="2026-07-16T16:58:30 IST" name="Smoke Tests" finished-at="2026-07-16T17:00:14 IST" duration-ms="103795">
      <class name="com.cusp.qa.login.CuspLoginTest">
        <test-method is-config="true" signature="suiteSetup()[pri:0, instance:com.cusp.qa.login.CuspLoginTest@34a1d21f]" started-at="2026-07-16T16:58:30 IST" name="suiteSetup" finished-at="2026-07-16T16:58:30 IST" duration-ms="141" status="PASS">
          <reporter-output>
          </reporter-output>
        </test-method> <!-- suiteSetup -->
        <test-method is-config="true" signature="setUp(java.lang.reflect.Method)[pri:0, instance:com.cusp.qa.login.CuspLoginTest@34a1d21f]" started-at="2026-07-16T16:58:30 IST" name="setUp" finished-at="2026-07-16T16:58:35 IST" duration-ms="4817" status="PASS">
          <params>
            <param index="0">
              <value>
                <![CDATA[public void com.cusp.qa.login.CuspLoginTest.testAppLaunchDisplaysScreen() throws java.lang.Exception]]>
              </value>
            </param>
          </params>
          <reporter-output>
          </reporter-output>
        </test-method> <!-- setUp -->
        <test-method signature="testAppLaunchDisplaysScreen()[pri:0, instance:com.cusp.qa.login.CuspLoginTest@34a1d21f]" started-at="2026-07-16T16:58:35 IST" name="testAppLaunchDisplaysScreen" description="TC01 - App launches and opening screen is displayed" finished-at="2026-07-16T16:58:38 IST" duration-ms="3097" status="PASS">
          <reporter-output>
          </reporter-output>
        </test-method> <!-- testAppLaunchDisplaysScreen -->
        <test-method is-config="true" signature="tearDown(org.testng.ITestResult)[pri:0, instance:com.cusp.qa.login.CuspLoginTest@34a1d21f]" started-at="2026-07-16T16:58:38 IST" name="tearDown" finished-at="2026-07-16T16:58:39 IST" duration-ms="547" status="PASS">
          <params>
            <param index="0">
              <value>
                <![CDATA[[TestResult name=testAppLaunchDisplaysScreen status=SUCCESS method=CuspLoginTest.testAppLaunchDisplaysScreen()[pri:0, instance:com.cusp.qa.login.CuspLoginTest@34a1d21f] output={null}]]]>
              </value>
            </param>
          </params>
          <reporter-output>
          </reporter-output>
        </test-method> <!-- tearDown -->
        <test-method is-config="true" signature="setUp(java.lang.reflect.Method)[pri:0, instance:com.cusp.qa.login.CuspLoginTest@34a1d21f]" started-at="2026-07-16T16:58:39 IST" name="setUp" finished-at="2026-07-16T16:58:43 IST" duration-ms="4463" status="PASS">
          <params>
            <param index="0">
              <value>
                <![CDATA[public void com.cusp.qa.login.CuspLoginTest.testLoginWithMobileAndOtp() throws java.lang.Exception]]>
              </value>
            </param>
          </params>
          <reporter-output>
          </reporter-output>
        </test-method> <!-- setUp -->
        <test-method signature="testLoginWithMobileAndOtp()[pri:0, instance:com.cusp.qa.login.CuspLoginTest@34a1d21f]" started-at="2026-07-16T16:58:43 IST" name="testLoginWithMobileAndOtp" description="TC02 - Login with mobile 6351738122 and OTP 123456" finished-at="2026-07-16T17:00:12 IST" depends-on-methods="com.cusp.qa.login.CuspLoginTest.testAppLaunchDisplaysScreen" duration-ms="89087" status="FAIL">
          <exception class="org.openqa.selenium.TimeoutException">
            <message>
              <![CDATA[Expected condition failed: waiting for presence of element found by AppiumBy.androidUIAutomator: new UiSelector().text("Home")
(tried for 30 seconds with 500 milliseconds interval)
Build info: version: '4.46.0', revision: 'df5a634 df5a6341cbb5f8f06b836bd595752775627c80dc'
System info: os.name: 'Linux', os.arch: 'amd64', os.version: '6.17.0-35-generic', java.version: '21.0.11'
Driver info: io.appium.java_client.android.AndroidDriver
Capabilities {appium:adbExecTimeout: 120000, appium:appActivity: com.cuspmoney.app.MainActivity, appium:appPackage: com.infocusp.cuspmoney, appium:autoGrantPermissions: true, appium:automationName: UIAutomator2, appium:databaseEnabled: false, appium:desired: {adbExecTimeout: 120000, appActivity: com.cuspmoney.app.MainActivity, appPackage: com.infocusp.cuspmoney, autoGrantPermissions: true, automationName: UIAutomator2, deviceName: RushabhDevice, fullReset: false, newCommandTimeout: 120, noReset: false, platformName: ANDROID, skipDeviceInitialization: true, udid: emulator-5554, uiautomator2ServerInstallTimeout: 120000, uiautomator2ServerLaunchTimeout: 120000}, appium:deviceApiLevel: 35, appium:deviceManufacturer: Google, appium:deviceModel: sdk_gphone64_x86_64, appium:deviceName: emulator-5554, appium:deviceScreenDensity: 420, appium:deviceScreenSize: 1080x2424, appium:deviceUDID: emulator-5554, appium:fullReset: false, appium:javascriptEnabled: true, appium:locationContextEnabled: false, appium:networkConnectionEnabled: true, appium:newCommandTimeout: 120, appium:noReset: false, appium:pixelRatio: 2.625, appium:platformVersion: 15, appium:skipDeviceInitialization: true, appium:statBarHeight: 137, appium:takesScreenshot: true, appium:udid: emulator-5554, appium:uiautomator2ServerInstallTimeout: 120000, appium:uiautomator2ServerLaunchTimeout: 120000, appium:viewportRect: {height: 2287, left: 0, top: 137, width: 1080}, appium:warnings: {}, appium:webStorageEnabled: false, platformName: ANDROID}
Session ID: eead4cdb-f2af-49dd-8b01-920d247400db]]>
            </message>
            <full-stacktrace>
              <![CDATA[org.openqa.selenium.TimeoutException: Expected condition failed: waiting for presence of element found by AppiumBy.androidUIAutomator: new UiSelector().text("Home")
(tried for 30 seconds with 500 milliseconds interval)
Build info: version: '4.46.0', revision: 'df5a634 df5a6341cbb5f8f06b836bd595752775627c80dc'
System info: os.name: 'Linux', os.arch: 'amd64', os.version: '6.17.0-35-generic', java.version: '21.0.11'
Driver info: io.appium.java_client.android.AndroidDriver
Capabilities {appium:adbExecTimeout: 120000, appium:appActivity: com.cuspmoney.app.MainActivity, appium:appPackage: com.infocusp.cuspmoney, appium:autoGrantPermissions: true, appium:automationName: UIAutomator2, appium:databaseEnabled: false, appium:desired: {adbExecTimeout: 120000, appActivity: com.cuspmoney.app.MainActivity, appPackage: com.infocusp.cuspmoney, autoGrantPermissions: true, automationName: UIAutomator2, deviceName: RushabhDevice, fullReset: false, newCommandTimeout: 120, noReset: false, platformName: ANDROID, skipDeviceInitialization: true, udid: emulator-5554, uiautomator2ServerInstallTimeout: 120000, uiautomator2ServerLaunchTimeout: 120000}, appium:deviceApiLevel: 35, appium:deviceManufacturer: Google, appium:deviceModel: sdk_gphone64_x86_64, appium:deviceName: emulator-5554, appium:deviceScreenDensity: 420, appium:deviceScreenSize: 1080x2424, appium:deviceUDID: emulator-5554, appium:fullReset: false, appium:javascriptEnabled: true, appium:locationContextEnabled: false, appium:networkConnectionEnabled: true, appium:newCommandTimeout: 120, appium:noReset: false, appium:pixelRatio: 2.625, appium:platformVersion: 15, appium:skipDeviceInitialization: true, appium:statBarHeight: 137, appium:takesScreenshot: true, appium:udid: emulator-5554, appium:uiautomator2ServerInstallTimeout: 120000, appium:uiautomator2ServerLaunchTimeout: 120000, appium:viewportRect: {height: 2287, left: 0, top: 137, width: 1080}, appium:warnings: {}, appium:webStorageEnabled: false, platformName: ANDROID}
Session ID: eead4cdb-f2af-49dd-8b01-920d247400db
at org.openqa.selenium.support.ui.WebDriverWait.timeoutException(WebDriverWait.java:85)
at org.openqa.selenium.support.ui.FluentWait.until(FluentWait.java:234)
at com.cusp.qa.login.CuspLoginTest.testLoginWithMobileAndOtp(CuspLoginTest.java:158)
at java.base/jdk.internal.reflect.DirectMethodHandleAccessor.invoke(DirectMethodHandleAccessor.java:103)
at java.base/java.lang.reflect.Method.invoke(Method.java:580)
at org.testng.internal.invokers.MethodInvocationHelper.invokeMethod(MethodInvocationHelper.java:141)
at org.testng.internal.invokers.TestInvoker.invokeMethod(TestInvoker.java:686)
at org.testng.internal.invokers.TestInvoker.invokeTestMethod(TestInvoker.java:230)
at org.testng.internal.invokers.MethodRunner.runInSequence(MethodRunner.java:63)
at org.testng.internal.invokers.TestInvoker$MethodInvocationAgent.invoke(TestInvoker.java:992)
at org.testng.internal.invokers.TestInvoker.invokeTestMethods(TestInvoker.java:203)
at org.testng.internal.invokers.TestMethodWorker.invokeTestMethods(TestMethodWorker.java:154)
at org.testng.internal.invokers.TestMethodWorker.run(TestMethodWorker.java:134)
at java.base/java.util.ArrayList.forEach(ArrayList.java:1596)
at org.testng.TestRunner.privateRun(TestRunner.java:739)
at org.testng.TestRunner.run(TestRunner.java:614)
at org.testng.SuiteRunner.runTest(SuiteRunner.java:421)
at org.testng.SuiteRunner.runSequentially(SuiteRunner.java:413)
at org.testng.SuiteRunner.privateRun(SuiteRunner.java:373)
at org.testng.SuiteRunner.run(SuiteRunner.java:312)
at org.testng.SuiteRunnerWorker.runSuite(SuiteRunnerWorker.java:52)
at org.testng.SuiteRunnerWorker.run(SuiteRunnerWorker.java:95)
at org.testng.TestNG.runSuitesSequentially(TestNG.java:1274)
at org.testng.TestNG.runSuitesLocally(TestNG.java:1208)
at org.testng.TestNG.runSuites(TestNG.java:1112)
at org.testng.TestNG.run(TestNG.java:1079)
at org.apache.maven.surefire.testng.TestNGExecutor.run(TestNGExecutor.java:308)
at org.apache.maven.surefire.testng.TestNGXmlTestSuite.execute(TestNGXmlTestSuite.java:71)
at org.apache.maven.surefire.testng.TestNGProvider.invoke(TestNGProvider.java:113)
at org.apache.maven.surefire.booter.ForkedBooter.runSuitesInProcess(ForkedBooter.java:385)
at org.apache.maven.surefire.booter.ForkedBooter.execute(ForkedBooter.java:162)
at org.apache.maven.surefire.booter.ForkedBooter.run(ForkedBooter.java:507)
at org.apache.maven.surefire.booter.ForkedBooter.main(ForkedBooter.java:495)
]]>
            </full-stacktrace>
          </exception> <!-- org.openqa.selenium.TimeoutException -->
          <reporter-output>
          </reporter-output>
        </test-method> <!-- testLoginWithMobileAndOtp -->
        <test-method is-config="true" signature="tearDown(org.testng.ITestResult)[pri:0, instance:com.cusp.qa.login.CuspLoginTest@34a1d21f]" started-at="2026-07-16T17:00:12 IST" name="tearDown" finished-at="2026-07-16T17:00:14 IST" duration-ms="1661" status="PASS">
          <params>
            <param index="0">
              <value>
                <![CDATA[[TestResult name=testLoginWithMobileAndOtp status=FAILURE method=CuspLoginTest.testLoginWithMobileAndOtp()[pri:0, instance:com.cusp.qa.login.CuspLoginTest@34a1d21f] output={null}]]]>
              </value>
            </param>
          </params>
          <reporter-output>
          </reporter-output>
        </test-method> <!-- tearDown -->
        <test-method is-config="true" signature="suiteTearDown()[pri:0, instance:com.cusp.qa.login.CuspLoginTest@34a1d21f]" started-at="2026-07-16T17:00:14 IST" name="suiteTearDown" finished-at="2026-07-16T17:00:14 IST" duration-ms="341" status="PASS">
          <reporter-output>
          </reporter-output>
        </test-method> <!-- suiteTearDown -->
      </class> <!-- com.cusp.qa.login.CuspLoginTest -->
    </test> <!-- Smoke Tests -->
  </suite> <!-- Cusp Smoke Suite -->
</testng-results>
